2026-02-11 23:04:30,349 - run_full_doe - INFO - Starting Full Manufacturability DOE
2026-02-11 23:04:30,349 - run_full_doe - INFO - LARRAK_PICOGK_ORACLE: 1
2026-02-11 23:04:30,349 - run_full_doe - INFO - LARRAK_PICOGK_TIMEOUT: 3600
2026-02-11 23:04:30,349 - run_full_doe - INFO - Computing limits (this may take time)...
2026-02-11 23:04:30,759 - larrak2.gear.manufacturability_limits - INFO - Phase 2: Running PicoGK batch for 3929 candidates
2026-02-11 23:25:45,249 - larrak2.gear.picogk_adapter - WARNING - PicoGK oracle batch failed (rc=137): 
2026-02-11 23:25:45,289 - larrak2.gear.manufacturability_limits - WARNING - PicoGK batch failed: Command '['dotnet', 'run', '--project', '/Users/max/Desktop/GitHub/Larrick_multi/tools/picogk_manufact', '--', '--input', '/var/folders/c9/6f4kz40j0dz4qslkltrzprtw0000gp/T/picogk_batch_rb_3tddm/batch_profiles.json', '--voxel-size', '0.05', '--slab-thickness', '14.0']' returned non-zero exit status 137.. Treating all 3929 as PASS (Fail-Open)
2026-02-11 23:25:48,171 - larrak2.gear.manufacturability_limits - INFO - Three-phase scan (Batch): 3929/4758 surr → 3929 picogk → 3929 litvin
2026-02-11 23:25:48,223 - run_full_doe - INFO - DOE completed in 1277.87s
2026-02-11 23:25:48,229 - run_full_doe - INFO - Results saved to /Users/max/Desktop/GitHub/Larrick_multi/doe_results.pkl
2026-02-11 23:25:48,229 - run_full_doe - INFO - --- DOE Summary ---
2026-02-11 23:25:48,229 - run_full_doe - INFO - Total Grid Points: 4758
2026-02-11 23:25:48,229 - run_full_doe - INFO - Surrogate Passes: 3929
2026-02-11 23:25:48,229 - run_full_doe - INFO - PicoGK Passes: 3929
2026-02-11 23:25:48,230 - run_full_doe - INFO - Litvin Calls: 3929
2026-02-12 08:32:04,287 - run_full_doe - INFO - Starting Full Manufacturability DOE
2026-02-12 08:32:04,288 - run_full_doe - INFO - LARRAK_PICOGK_ORACLE: 1
2026-02-12 08:32:04,288 - run_full_doe - INFO - LARRAK_PICOGK_TIMEOUT: 600
2026-02-12 08:32:04,288 - run_full_doe - INFO - Computing limits (this may take time)...
2026-02-12 08:32:05,269 - larrak2.gear.manufacturability_limits - INFO - Phase 2: Running PicoGK batch for 3929 candidates
2026-02-13 22:35:11,688 - run_full_doe - INFO - Starting Full Manufacturability DOE
2026-02-13 22:35:11,689 - run_full_doe - INFO - LARRAK_PICOGK_ORACLE: 1
2026-02-13 22:35:11,689 - run_full_doe - INFO - LARRAK_PICOGK_TIMEOUT: 600
2026-02-13 22:35:11,689 - run_full_doe - INFO - Computing limits (this may take time)...
2026-02-13 22:35:11,801 - larrak2.gear.manufacturability_limits - INFO - Phase 2: Running PicoGK batch for 3929 candidates
2026-02-14 17:27:53,643 - larrak2.gear.picogk_adapter - WARNING - PicoGK chunk timed out after 600s
2026-02-14 17:37:54,902 - larrak2.gear.picogk_adapter - WARNING - PicoGK chunk timed out after 600s
2026-02-14 18:49:02,472 - larrak2.gear.picogk_adapter - WARNING - PicoGK chunk timed out after 600s
2026-02-15 20:59:08,793 - run_full_doe - INFO - Starting Full Manufacturability DOE
2026-02-15 20:59:08,794 - run_full_doe - INFO - LARRAK_PICOGK_ORACLE: 1
2026-02-15 20:59:08,794 - run_full_doe - INFO - LARRAK_PICOGK_TIMEOUT: 600
2026-02-15 20:59:08,794 - run_full_doe - INFO - Computing limits (this may take time)...
2026-02-15 20:59:08,904 - larrak2.gear.picogk_adapter - INFO - Loaded 1 entries from persistent cache
2026-02-15 20:59:08,905 - larrak2.gear.manufacturability_limits - INFO - Phase 2: Running PicoGK batch for 3929 candidates
2026-02-15 21:13:15,432 - run_full_doe - INFO - Starting Full Manufacturability DOE
2026-02-15 21:13:15,432 - run_full_doe - INFO - LARRAK_PICOGK_ORACLE: 1
2026-02-15 21:13:15,432 - run_full_doe - INFO - LARRAK_PICOGK_TIMEOUT: 600
2026-02-15 21:13:15,432 - run_full_doe - INFO - Computing limits (this may take time)...
2026-02-15 21:13:15,547 - larrak2.gear.picogk_adapter - INFO - Loaded 1 entries from persistent cache
2026-02-15 21:13:15,547 - larrak2.gear.manufacturability_limits - INFO - Phase 2: Running PicoGK batch for 3929 candidates
2026-02-15 21:14:27,007 - run_full_doe - INFO - Starting Full Manufacturability DOE
2026-02-15 21:14:27,007 - run_full_doe - INFO - LARRAK_PICOGK_ORACLE: 1
2026-02-15 21:14:27,007 - run_full_doe - INFO - LARRAK_PICOGK_TIMEOUT: 600
2026-02-15 21:14:27,008 - run_full_doe - INFO - Computing limits (this may take time)...
2026-02-15 21:14:27,123 - larrak2.gear.picogk_adapter - INFO - Loaded 1 entries from persistent cache
2026-02-15 21:14:27,124 - larrak2.gear.manufacturability_limits - INFO - Phase 2: Running PicoGK batch for 3929 candidates
2026-02-15 21:15:50,488 - run_full_doe - INFO - Starting Full Manufacturability DOE
2026-02-15 21:15:50,488 - run_full_doe - INFO - LARRAK_PICOGK_ORACLE: 1
2026-02-15 21:15:50,488 - run_full_doe - INFO - LARRAK_PICOGK_TIMEOUT: 600
2026-02-15 21:15:50,488 - run_full_doe - INFO - Computing limits (this may take time)...
2026-02-15 21:15:50,602 - larrak2.gear.picogk_adapter - INFO - Loaded 1 entries from persistent cache
2026-02-15 21:15:50,602 - larrak2.gear.manufacturability_limits - INFO - Phase 2: Running PicoGK batch for 3929 candidates
2026-02-15 21:16:42,742 - run_full_doe - INFO - Starting Full Manufacturability DOE
2026-02-15 21:16:42,742 - run_full_doe - INFO - LARRAK_PICOGK_ORACLE: 1
2026-02-15 21:16:42,742 - run_full_doe - INFO - LARRAK_PICOGK_TIMEOUT: 600
2026-02-15 21:16:42,742 - run_full_doe - INFO - Computing limits (this may take time)...
2026-02-15 21:16:42,859 - larrak2.gear.picogk_adapter - INFO - Loaded 1 entries from persistent cache
2026-02-15 21:16:42,859 - larrak2.gear.manufacturability_limits - INFO - Phase 2: Running PicoGK batch for 3929 candidates
2026-02-15 21:25:22,000 - run_full_doe - INFO - Starting Full Manufacturability DOE
2026-02-15 21:25:22,000 - run_full_doe - INFO - LARRAK_PICOGK_ORACLE: 1
2026-02-15 21:25:22,000 - run_full_doe - INFO - LARRAK_PICOGK_TIMEOUT: 600
2026-02-15 21:25:22,000 - run_full_doe - INFO - Computing limits (this may take time)...
2026-02-15 21:25:22,110 - larrak2.gear.manufacturability_limits - INFO - Phase 2: Running PicoGK batch for 3929 candidates
